{"C:\\Users\\Admin\\Desktop\\alx-fe-reactjs\\react-todo\\src\\App.js": {"path":"C:\\Users\\Admin\\Desktop\\alx-fe-reactjs\\react-todo\\src\\App.js","statementMap":{"0":{"start":{"line":6,"column":2},"end":{"line":10,"column":4}}},"fnMap":{"0":{"name":"App","decl":{"start":{"line":5,"column":9},"end":{"line":5,"column":12}},"loc":{"start":{"line":5,"column":15},"end":{"line":11,"column":1}},"line":5}},"branchMap":{},"s":{"0":0},"f":{"0":0},"b":{}}
,"C:\\Users\\Admin\\Desktop\\alx-fe-reactjs\\react-todo\\src\\App.jsx": {"path":"C:\\Users\\Admin\\Desktop\\alx-fe-reactjs\\react-todo\\src\\App.jsx","statementMap":{"0":{"start":{"line":6,"column":2},"end":{"line":10,"column":4}}},"fnMap":{"0":{"name":"App","decl":{"start":{"line":5,"column":9},"end":{"line":5,"column":12}},"loc":{"start":{"line":5,"column":15},"end":{"line":11,"column":1}},"line":5}},"branchMap":{},"s":{"0":0},"f":{"0":0},"b":{}}
,"C:\\Users\\Admin\\Desktop\\alx-fe-reactjs\\react-todo\\src\\index.js": {"path":"C:\\Users\\Admin\\Desktop\\alx-fe-reactjs\\react-todo\\src\\index.js","statementMap":{"0":{"start":{"line":6,"column":13},"end":{"line":6,"column":65}},"1":{"start":{"line":7,"column":0},"end":{"line":11,"column":2}}},"fnMap":{},"branchMap":{},"s":{"0":0,"1":0},"f":{},"b":{}}
,"C:\\Users\\Admin\\Desktop\\alx-fe-reactjs\\react-todo\\src\\main.jsx": {"path":"C:\\Users\\Admin\\Desktop\\alx-fe-reactjs\\react-todo\\src\\main.jsx","statementMap":{"0":{"start":{"line":6,"column":0},"end":{"line":10,"column":1}}},"fnMap":{},"branchMap":{},"s":{"0":0},"f":{},"b":{}}
,"C:\\Users\\Admin\\Desktop\\alx-fe-reactjs\\react-todo\\src\\components\\TodoList.js": {"path":"C:\\Users\\Admin\\Desktop\\alx-fe-reactjs\\react-todo\\src\\components\\TodoList.js","statementMap":{"0":{"start":{"line":4,"column":17},"end":{"line":90,"column":1}},"1":{"start":{"line":5,"column":23},"end":{"line":9,"column":3}},"2":{"start":{"line":11,"column":28},"end":{"line":11,"column":50}},"3":{"start":{"line":12,"column":32},"end":{"line":12,"column":44}},"4":{"start":{"line":14,"column":18},"end":{"line":26,"column":3}},"5":{"start":{"line":15,"column":4},"end":{"line":15,"column":23}},"6":{"start":{"line":16,"column":4},"end":{"line":16,"column":38}},"7":{"start":{"line":16,"column":31},"end":{"line":16,"column":38}},"8":{"start":{"line":18,"column":24},"end":{"line":22,"column":5}},"9":{"start":{"line":24,"column":4},"end":{"line":24,"column":38}},"10":{"start":{"line":25,"column":4},"end":{"line":25,"column":19}},"11":{"start":{"line":28,"column":21},"end":{"line":34,"column":3}},"12":{"start":{"line":29,"column":4},"end":{"line":33,"column":6}},"13":{"start":{"line":31,"column":8},"end":{"line":31,"column":71}},"14":{"start":{"line":36,"column":21},"end":{"line":38,"column":3}},"15":{"start":{"line":37,"column":4},"end":{"line":37,"column":53}},"16":{"start":{"line":37,"column":36},"end":{"line":37,"column":50}},"17":{"start":{"line":40,"column":2},"end":{"line":89,"column":4}},"18":{"start":{"line":48,"column":27},"end":{"line":48,"column":53}},"19":{"start":{"line":60,"column":10},"end":{"line":79,"column":15}},"20":{"start":{"line":67,"column":29},"end":{"line":67,"column":48}},"21":{"start":{"line":73,"column":29},"end":{"line":73,"column":48}},"22":{"start":{"line":85,"column":44},"end":{"line":85,"column":58}},"23":{"start":{"line":86,"column":42},"end":{"line":86,"column":57}}},"fnMap":{"0":{"name":"(anonymous_0)","decl":{"start":{"line":4,"column":17},"end":{"line":4,"column":18}},"loc":{"start":{"line":4,"column":23},"end":{"line":90,"column":1}},"line":4},"1":{"name":"(anonymous_1)","decl":{"start":{"line":14,"column":18},"end":{"line":14,"column":19}},"loc":{"start":{"line":14,"column":25},"end":{"line":26,"column":3}},"line":14},"2":{"name":"(anonymous_2)","decl":{"start":{"line":28,"column":21},"end":{"line":28,"column":22}},"loc":{"start":{"line":28,"column":29},"end":{"line":34,"column":3}},"line":28},"3":{"name":"(anonymous_3)","decl":{"start":{"line":30,"column":16},"end":{"line":30,"column":17}},"loc":{"start":{"line":31,"column":8},"end":{"line":31,"column":71}},"line":31},"4":{"name":"(anonymous_4)","decl":{"start":{"line":36,"column":21},"end":{"line":36,"column":22}},"loc":{"start":{"line":36,"column":29},"end":{"line":38,"column":3}},"line":36},"5":{"name":"(anonymous_5)","decl":{"start":{"line":37,"column":26},"end":{"line":37,"column":27}},"loc":{"start":{"line":37,"column":36},"end":{"line":37,"column":50}},"line":37},"6":{"name":"(anonymous_6)","decl":{"start":{"line":48,"column":20},"end":{"line":48,"column":21}},"loc":{"start":{"line":48,"column":27},"end":{"line":48,"column":53}},"line":48},"7":{"name":"(anonymous_7)","decl":{"start":{"line":59,"column":19},"end":{"line":59,"column":20}},"loc":{"start":{"line":60,"column":10},"end":{"line":79,"column":15}},"line":60},"8":{"name":"(anonymous_8)","decl":{"start":{"line":67,"column":23},"end":{"line":67,"column":24}},"loc":{"start":{"line":67,"column":29},"end":{"line":67,"column":48}},"line":67},"9":{"name":"(anonymous_9)","decl":{"start":{"line":73,"column":23},"end":{"line":73,"column":24}},"loc":{"start":{"line":73,"column":29},"end":{"line":73,"column":48}},"line":73},"10":{"name":"(anonymous_10)","decl":{"start":{"line":85,"column":36},"end":{"line":85,"column":37}},"loc":{"start":{"line":85,"column":44},"end":{"line":85,"column":58}},"line":85},"11":{"name":"(anonymous_11)","decl":{"start":{"line":86,"column":34},"end":{"line":86,"column":35}},"loc":{"start":{"line":86,"column":42},"end":{"line":86,"column":57}},"line":86}},"branchMap":{"0":{"loc":{"start":{"line":16,"column":4},"end":{"line":16,"column":38}},"type":"if","locations":[{"start":{"line":16,"column":4},"end":{"line":16,"column":38}},{"start":{},"end":{}}],"line":16},"1":{"loc":{"start":{"line":31,"column":8},"end":{"line":31,"column":71}},"type":"cond-expr","locations":[{"start":{"line":31,"column":25},"end":{"line":31,"column":64}},{"start":{"line":31,"column":67},"end":{"line":31,"column":71}}],"line":31},"2":{"loc":{"start":{"line":62,"column":36},"end":{"line":62,"column":69}},"type":"cond-expr","locations":[{"start":{"line":62,"column":53},"end":{"line":62,"column":64}},{"start":{"line":62,"column":67},"end":{"line":62,"column":69}}],"line":62}},"s":{"0":1,"1":16,"2":16,"3":16,"4":16,"5":4,"6":4,"7":1,"8":3,"9":3,"10":3,"11":16,"12":2,"13":6,"14":16,"15":1,"16":3,"17":16,"18":3,"19":50,"20":2,"21":1,"22":50,"23":50},"f":{"0":16,"1":4,"2":2,"3":6,"4":1,"5":3,"6":3,"7":50,"8":2,"9":1,"10":50,"11":50},"b":{"0":[1,3],"1":[2,4],"2":[14,36]},"_coverageSchema":"1a1c01bbd47fc00a2c39e90264f33305004495a9","hash":"ea2467d65c650937d606d9a01559d54346e99ec9"}
}
