TN:
SF:src\App.js
FN:5,App
FNF:1
FNH:0
FNDA:0,App
DA:6,0
LF:1
LH:0
BRF:0
BRH:0
end_of_record
TN:
SF:src\App.jsx
FN:5,App
FNF:1
FNH:0
FNDA:0,App
DA:6,0
LF:1
LH:0
BRF:0
BRH:0
end_of_record
TN:
SF:src\index.js
FNF:0
FNH:0
DA:6,0
DA:7,0
LF:2
LH:0
BRF:0
BRH:0
end_of_record
TN:
SF:src\main.jsx
FNF:0
FNH:0
DA:6,0
LF:1
LH:0
BRF:0
BRH:0
end_of_record
TN:
SF:src\components\TodoList.js
FN:4,(anonymous_0)
FN:14,(anonymous_1)
FN:28,(anonymous_2)
FN:30,(anonymous_3)
FN:36,(anonymous_4)
FN:37,(anonymous_5)
FN:48,(anonymous_6)
FN:59,(anonymous_7)
FN:67,(anonymous_8)
FN:73,(anonymous_9)
FN:85,(anonymous_10)
FN:86,(anonymous_11)
FNF:12
FNH:12
FNDA:16,(anonymous_0)
FNDA:4,(anonymous_1)
FNDA:2,(anonymous_2)
FNDA:6,(anonymous_3)
FNDA:1,(anonymous_4)
FNDA:3,(anonymous_5)
FNDA:3,(anonymous_6)
FNDA:50,(anonymous_7)
FNDA:2,(anonymous_8)
FNDA:1,(anonymous_9)
FNDA:50,(anonymous_10)
FNDA:50,(anonymous_11)
DA:4,1
DA:5,16
DA:11,16
DA:12,16
DA:14,16
DA:15,4
DA:16,4
DA:18,3
DA:24,3
DA:25,3
DA:28,16
DA:29,2
DA:31,6
DA:36,16
DA:37,3
DA:40,16
DA:48,3
DA:60,50
DA:67,2
DA:73,1
DA:85,50
DA:86,50
LF:22
LH:22
BRDA:16,0,0,1
BRDA:16,0,1,3
BRDA:31,1,0,2
BRDA:31,1,1,4
BRDA:62,2,0,14
BRDA:62,2,1,36
BRF:6
BRH:6
end_of_record
